2025-12-16 15:40:43,344 | INFO | Starting ETL Pipeline
2025-12-16 15:40:47,118 | INFO | Students: 100 valid | 0 dropped
2025-12-16 15:40:47,122 | INFO | Courses: 8 valid | 92 dropped
2025-12-16 15:40:47,124 | INFO | Enrollments: 100 valid | 0 dropped
2025-12-16 15:40:49,786 | INFO | Loading data into NeonDB
2025-12-16 15:41:32,017 | WARNING | Skipping enrollment record {'enrollment_id': '1', 'student_id': '36', 'course_id': '24', 'enrollment_date': '12/9/2025', 'grade': 'D', 'status': 'Completed'}: insert or update on table "enrollments" violates foreign key constraint "fk_enrollments_student"
DETAIL:  Key (student_id)=(36) is not present in table "students".

2025-12-16 15:41:32,322 | WARNING | Skipping enrollment record {'enrollment_id': '2', 'student_id': '8', 'course_id': '3', 'enrollment_date': '7/16/2025', 'grade': 'C', 'status': 'Completed'}: current transaction is aborted, commands ignored until end of transaction block

2025-12-16 15:41:32,798 | WARNING | Skipping enrollment record {'enrollment_id': '3', 'student_id': '19', 'course_id': '13', 'enrollment_date': '9/16/2025', 'grade': 'F', 'status': 'Completed'}: current transaction is aborted, commands ignored until end of transaction block

2025-12-16 15:41:33,254 | WARNING | Skipping enrollment record {'enrollment_id': '4', 'student_id': '10', 'course_id': '4', 'enrollment_date': '4/26/2025', 'grade': 'F', 'status': 'Dropped'}: current transaction is aborted, commands ignored until end of transaction block

2025-12-16 15:41:33,617 | WARNING | Skipping enrollment record {'enrollment_id': '5', 'student_id': '26', 'course_id': '6', 'enrollment_date': '6/2/2025', 'grade': 'C', 'status': 'In Progress'}: current transaction is aborted, commands ignored until end of transaction block

2025-12-16 15:41:33,937 | WARNING | Skipping enrollment record {'enrollment_id': '6', 'student_id': '42', 'course_id': '7', 'enrollment_date': '1/18/2025', 'grade': 'F', 'status': 'In Progress'}: current transaction is aborted, commands ignored until end of transaction block

2025-12-16 15:41:34,372 | WARNING | Skipping enrollment record {'enrollment_id': '7', 'student_id': '19', 'course_id': '8', 'enrollment_date': '', 'grade': 'D', 'status': 'Completed'}: current transaction is aborted, commands ignored until end of transaction block

2025-12-16 15:41:34,692 | WARNING | Skipping enrollment record {'enrollment_id': '8', 'student_id': '11', 'course_id': '18', 'enrollment_date': '1/1/2025', 'grade': 'F', 'status': nan}: current transaction is aborted, commands ignored until end of transaction block

2025-12-16 15:41:35,051 | WARNING | Skipping enrollment record {'enrollment_id': '9', 'student_id': '24', 'course_id': '24', 'enrollment_date': '4/27/2025', 'grade': 'C', 'status': 'Completed'}: current transaction is aborted, commands ignored until end of transaction block

2025-12-16 15:41:35,494 | WARNING | Skipping enrollment record {'enrollment_id': '10', 'student_id': '37', 'course_id': '23', 'enrollment_date': '3/20/2025', 'grade': 'F', 'status': 'Completed'}: current transaction is aborted, commands ignored until end of transaction block

2025-12-16 15:41:35,819 | WARNING | Skipping enrollment record {'enrollment_id': '11', 'student_id': '9', 'course_id': '12', 'enrollment_date': '8/2/2025', 'grade': 'D', 'status': 'Completed'}: current transaction is aborted, commands ignored until end of transaction block

2025-12-16 15:41:36,177 | WARNING | Skipping enrollment record {'enrollment_id': '12', 'student_id': '41', 'course_id': '13', 'enrollment_date': '5/5/2025', 'grade': nan, 'status': 'In Progress'}: current transaction is aborted, commands ignored until end of transaction block

2025-12-16 15:41:36,505 | WARNING | Skipping enrollment record {'enrollment_id': '13', 'student_id': '41', 'course_id': '8', 'enrollment_date': '9/17/2025', 'grade': 'A', 'status': 'Dropped'}: current transaction is aborted, commands ignored until end of transaction block

2025-12-16 15:41:36,816 | WARNING | Skipping enrollment record {'enrollment_id': '14', 'student_id': '38', 'course_id': '6', 'enrollment_date': '10/7/2025', 'grade': 'D', 'status': 'Completed'}: current transaction is aborted, commands ignored until end of transaction block

2025-12-16 15:41:37,254 | WARNING | Skipping enrollment record {'enrollment_id': '15', 'student_id': '13', 'course_id': '16', 'enrollment_date': '1/29/2025', 'grade': 'B', 'status': 'Dropped'}: current transaction is aborted, commands ignored until end of transaction block

2025-12-16 15:41:37,612 | WARNING | Skipping enrollment record {'enrollment_id': '16', 'student_id': '24', 'course_id': '12', 'enrollment_date': '9/12/2025', 'grade': nan, 'status': 'Dropped'}: current transaction is aborted, commands ignored until end of transaction block

2025-12-16 15:41:37,943 | WARNING | Skipping enrollment record {'enrollment_id': '17', 'student_id': '31', 'course_id': '12', 'enrollment_date': '11/21/2025', 'grade': 'A', 'status': 'In Progress'}: current transaction is aborted, commands ignored until end of transaction block

2025-12-16 15:41:38,430 | WARNING | Skipping enrollment record {'enrollment_id': '18', 'student_id': '43', 'course_id': '2', 'enrollment_date': '2/26/2025', 'grade': nan, 'status': 'In Progress'}: current transaction is aborted, commands ignored until end of transaction block

2025-12-16 15:41:38,756 | WARNING | Skipping enrollment record {'enrollment_id': '19', 'student_id': '19', 'course_id': '21', 'enrollment_date': '11/13/2025', 'grade': 'C', 'status': 'Dropped'}: current transaction is aborted, commands ignored until end of transaction block

2025-12-16 15:41:39,175 | WARNING | Skipping enrollment record {'enrollment_id': '20', 'student_id': '18', 'course_id': '13', 'enrollment_date': '', 'grade': nan, 'status': 'Dropped'}: current transaction is aborted, commands ignored until end of transaction block

2025-12-16 15:41:39,494 | WARNING | Skipping enrollment record {'enrollment_id': '21', 'student_id': '17', 'course_id': '12', 'enrollment_date': '12/3/2025', 'grade': 'F', 'status': 'Dropped'}: current transaction is aborted, commands ignored until end of transaction block

2025-12-16 15:41:39,864 | WARNING | Skipping enrollment record {'enrollment_id': '22', 'student_id': '20', 'course_id': '12', 'enrollment_date': '7/28/2025', 'grade': 'A', 'status': 'Completed'}: current transaction is aborted, commands ignored until end of transaction block

2025-12-16 15:41:40,314 | WARNING | Skipping enrollment record {'enrollment_id': '23', 'student_id': '4', 'course_id': '8', 'enrollment_date': '5/14/2025', 'grade': 'D', 'status': 'In Progress'}: current transaction is aborted, commands ignored until end of transaction block

2025-12-16 15:41:40,635 | WARNING | Skipping enrollment record {'enrollment_id': '24', 'student_id': '23', 'course_id': '18', 'enrollment_date': '9/24/2025', 'grade': 'D', 'status': 'Completed'}: current transaction is aborted, commands ignored until end of transaction block

2025-12-16 15:41:40,947 | WARNING | Skipping enrollment record {'enrollment_id': '25', 'student_id': '11', 'course_id': '15', 'enrollment_date': '6/14/2025', 'grade': 'D', 'status': 'Dropped'}: current transaction is aborted, commands ignored until end of transaction block

2025-12-16 15:41:41,256 | WARNING | Skipping enrollment record {'enrollment_id': '26', 'student_id': '9', 'course_id': '18', 'enrollment_date': '8/18/2025', 'grade': 'B', 'status': 'Dropped'}: current transaction is aborted, commands ignored until end of transaction block

2025-12-16 15:41:41,574 | WARNING | Skipping enrollment record {'enrollment_id': '27', 'student_id': '14', 'course_id': '20', 'enrollment_date': '3/6/2025', 'grade': 'C', 'status': 'Dropped'}: current transaction is aborted, commands ignored until end of transaction block

2025-12-16 15:41:41,895 | WARNING | Skipping enrollment record {'enrollment_id': '28', 'student_id': '5', 'course_id': '19', 'enrollment_date': '8/15/2025', 'grade': 'A', 'status': 'In Progress'}: current transaction is aborted, commands ignored until end of transaction block

2025-12-16 15:41:42,321 | WARNING | Skipping enrollment record {'enrollment_id': '29', 'student_id': '12', 'course_id': '13', 'enrollment_date': '3/21/2025', 'grade': 'B', 'status': 'In Progress'}: current transaction is aborted, commands ignored until end of transaction block

2025-12-16 15:41:42,731 | WARNING | Skipping enrollment record {'enrollment_id': '30', 'student_id': '37', 'course_id': '18', 'enrollment_date': '11/19/2025', 'grade': nan, 'status': 'Completed'}: current transaction is aborted, commands ignored until end of transaction block

2025-12-16 15:41:43,041 | WARNING | Skipping enrollment record {'enrollment_id': '31', 'student_id': '12', 'course_id': '20', 'enrollment_date': '1/12/2025', 'grade': nan, 'status': 'Dropped'}: current transaction is aborted, commands ignored until end of transaction block

2025-12-16 15:41:43,497 | WARNING | Skipping enrollment record {'enrollment_id': '32', 'student_id': '33', 'course_id': '22', 'enrollment_date': '5/13/2025', 'grade': 'B', 'status': 'In Progress'}: current transaction is aborted, commands ignored until end of transaction block

2025-12-16 15:41:43,819 | WARNING | Skipping enrollment record {'enrollment_id': '33', 'student_id': '46', 'course_id': '21', 'enrollment_date': '1/23/2025', 'grade': 'F', 'status': 'In Progress'}: current transaction is aborted, commands ignored until end of transaction block

2025-12-16 15:41:44,165 | WARNING | Skipping enrollment record {'enrollment_id': '34', 'student_id': '47', 'course_id': '16', 'enrollment_date': '6/13/2025', 'grade': 'D', 'status': 'Dropped'}: current transaction is aborted, commands ignored until end of transaction block

2025-12-16 15:41:44,488 | WARNING | Skipping enrollment record {'enrollment_id': '35', 'student_id': '10', 'course_id': '1', 'enrollment_date': '1/17/2025', 'grade': nan, 'status': 'Completed'}: current transaction is aborted, commands ignored until end of transaction block

2025-12-16 15:41:44,882 | WARNING | Skipping enrollment record {'enrollment_id': '36', 'student_id': '43', 'course_id': '12', 'enrollment_date': '', 'grade': nan, 'status': 'Completed'}: current transaction is aborted, commands ignored until end of transaction block

2025-12-16 15:41:45,200 | WARNING | Skipping enrollment record {'enrollment_id': '37', 'student_id': '6', 'course_id': '24', 'enrollment_date': '9/13/2025', 'grade': 'B', 'status': 'In Progress'}: current transaction is aborted, commands ignored until end of transaction block

2025-12-16 15:41:45,574 | WARNING | Skipping enrollment record {'enrollment_id': '38', 'student_id': '50', 'course_id': '28', 'enrollment_date': '8/28/2025', 'grade': 'A', 'status': 'Dropped'}: current transaction is aborted, commands ignored until end of transaction block

2025-12-16 15:41:45,893 | WARNING | Skipping enrollment record {'enrollment_id': '39', 'student_id': '28', 'course_id': '16', 'enrollment_date': '1/2/2025', 'grade': 'B', 'status': 'Completed'}: current transaction is aborted, commands ignored until end of transaction block

2025-12-16 15:41:46,315 | WARNING | Skipping enrollment record {'enrollment_id': '40', 'student_id': '36', 'course_id': '1', 'enrollment_date': '4/28/2025', 'grade': 'B', 'status': 'Dropped'}: current transaction is aborted, commands ignored until end of transaction block

2025-12-16 15:41:46,639 | WARNING | Skipping enrollment record {'enrollment_id': '41', 'student_id': '5', 'course_id': '6', 'enrollment_date': '7/9/2025', 'grade': 'F', 'status': 'In Progress'}: current transaction is aborted, commands ignored until end of transaction block

2025-12-16 15:41:46,968 | WARNING | Skipping enrollment record {'enrollment_id': '42', 'student_id': '4', 'course_id': '16', 'enrollment_date': '6/11/2025', 'grade': 'B', 'status': nan}: current transaction is aborted, commands ignored until end of transaction block

2025-12-16 15:41:47,442 | WARNING | Skipping enrollment record {'enrollment_id': '43', 'student_id': '11', 'course_id': '23', 'enrollment_date': '4/11/2025', 'grade': 'B', 'status': 'Dropped'}: current transaction is aborted, commands ignored until end of transaction block

2025-12-16 15:41:47,758 | WARNING | Skipping enrollment record {'enrollment_id': '44', 'student_id': '50', 'course_id': '26', 'enrollment_date': '11/2/2025', 'grade': nan, 'status': 'In Progress'}: current transaction is aborted, commands ignored until end of transaction block

2025-12-16 15:41:48,064 | WARNING | Skipping enrollment record {'enrollment_id': '45', 'student_id': '43', 'course_id': '25', 'enrollment_date': '1/11/2025', 'grade': 'B', 'status': 'Completed'}: current transaction is aborted, commands ignored until end of transaction block

2025-12-16 15:41:48,465 | WARNING | Skipping enrollment record {'enrollment_id': '46', 'student_id': '26', 'course_id': '19', 'enrollment_date': '1/17/2025', 'grade': nan, 'status': 'Completed'}: current transaction is aborted, commands ignored until end of transaction block

2025-12-16 15:41:48,978 | WARNING | Skipping enrollment record {'enrollment_id': '47', 'student_id': '14', 'course_id': '5', 'enrollment_date': '', 'grade': 'D', 'status': nan}: current transaction is aborted, commands ignored until end of transaction block

2025-12-16 15:41:49,415 | WARNING | Skipping enrollment record {'enrollment_id': '48', 'student_id': '15', 'course_id': '6', 'enrollment_date': '2/21/2025', 'grade': 'B', 'status': 'In Progress'}: current transaction is aborted, commands ignored until end of transaction block

2025-12-16 15:41:49,733 | WARNING | Skipping enrollment record {'enrollment_id': '49', 'student_id': '20', 'course_id': '29', 'enrollment_date': '9/15/2025', 'grade': nan, 'status': 'Dropped'}: current transaction is aborted, commands ignored until end of transaction block

2025-12-16 15:41:50,105 | WARNING | Skipping enrollment record {'enrollment_id': '50', 'student_id': '6', 'course_id': '16', 'enrollment_date': '6/27/2025', 'grade': 'C', 'status': 'Completed'}: current transaction is aborted, commands ignored until end of transaction block

2025-12-16 15:41:50,534 | WARNING | Skipping enrollment record {'enrollment_id': '51', 'student_id': '8', 'course_id': '25', 'enrollment_date': '12/10/2025', 'grade': nan, 'status': nan}: current transaction is aborted, commands ignored until end of transaction block

2025-12-16 15:41:50,854 | WARNING | Skipping enrollment record {'enrollment_id': '52', 'student_id': '5', 'course_id': '19', 'enrollment_date': '6/9/2025', 'grade': 'F', 'status': 'In Progress'}: current transaction is aborted, commands ignored until end of transaction block

2025-12-16 15:41:51,230 | WARNING | Skipping enrollment record {'enrollment_id': '53', 'student_id': '38', 'course_id': '29', 'enrollment_date': '4/27/2025', 'grade': nan, 'status': 'Completed'}: current transaction is aborted, commands ignored until end of transaction block

2025-12-16 15:41:51,744 | WARNING | Skipping enrollment record {'enrollment_id': '54', 'student_id': '39', 'course_id': '28', 'enrollment_date': '8/15/2025', 'grade': 'C', 'status': 'In Progress'}: current transaction is aborted, commands ignored until end of transaction block

2025-12-16 15:41:52,058 | WARNING | Skipping enrollment record {'enrollment_id': '55', 'student_id': '28', 'course_id': '3', 'enrollment_date': '', 'grade': 'B', 'status': 'Dropped'}: current transaction is aborted, commands ignored until end of transaction block

2025-12-16 15:41:52,562 | WARNING | Skipping enrollment record {'enrollment_id': '56', 'student_id': '31', 'course_id': '7', 'enrollment_date': '8/12/2025', 'grade': 'D', 'status': 'In Progress'}: current transaction is aborted, commands ignored until end of transaction block

2025-12-16 15:41:52,971 | WARNING | Skipping enrollment record {'enrollment_id': '57', 'student_id': '36', 'course_id': '20', 'enrollment_date': '6/29/2025', 'grade': 'C', 'status': 'Dropped'}: current transaction is aborted, commands ignored until end of transaction block

2025-12-16 15:41:53,444 | WARNING | Skipping enrollment record {'enrollment_id': '58', 'student_id': '47', 'course_id': '16', 'enrollment_date': '', 'grade': 'B', 'status': 'Completed'}: current transaction is aborted, commands ignored until end of transaction block

2025-12-16 15:41:53,790 | WARNING | Skipping enrollment record {'enrollment_id': '59', 'student_id': '18', 'course_id': '6', 'enrollment_date': '8/3/2025', 'grade': nan, 'status': 'In Progress'}: current transaction is aborted, commands ignored until end of transaction block

2025-12-16 15:41:54,302 | WARNING | Skipping enrollment record {'enrollment_id': '60', 'student_id': '49', 'course_id': '27', 'enrollment_date': '12/14/2025', 'grade': 'A', 'status': 'Completed'}: current transaction is aborted, commands ignored until end of transaction block

2025-12-16 15:41:54,712 | WARNING | Skipping enrollment record {'enrollment_id': '61', 'student_id': '17', 'course_id': '12', 'enrollment_date': '9/24/2025', 'grade': 'C', 'status': 'In Progress'}: current transaction is aborted, commands ignored until end of transaction block

2025-12-16 15:41:55,030 | WARNING | Skipping enrollment record {'enrollment_id': '62', 'student_id': '44', 'course_id': '12', 'enrollment_date': '', 'grade': 'A', 'status': 'Dropped'}: current transaction is aborted, commands ignored until end of transaction block

2025-12-16 15:41:55,341 | WARNING | Skipping enrollment record {'enrollment_id': '63', 'student_id': '10', 'course_id': '23', 'enrollment_date': '', 'grade': 'D', 'status': 'Dropped'}: current transaction is aborted, commands ignored until end of transaction block

2025-12-16 15:41:55,656 | WARNING | Skipping enrollment record {'enrollment_id': '64', 'student_id': '19', 'course_id': '16', 'enrollment_date': '8/29/2025', 'grade': 'B', 'status': 'Dropped'}: current transaction is aborted, commands ignored until end of transaction block

2025-12-16 15:41:56,043 | WARNING | Skipping enrollment record {'enrollment_id': '65', 'student_id': '26', 'course_id': '6', 'enrollment_date': '12/12/2025', 'grade': 'B', 'status': 'In Progress'}: current transaction is aborted, commands ignored until end of transaction block

2025-12-16 15:41:56,555 | WARNING | Skipping enrollment record {'enrollment_id': '66', 'student_id': '50', 'course_id': '15', 'enrollment_date': '3/15/2025', 'grade': 'D', 'status': 'In Progress'}: current transaction is aborted, commands ignored until end of transaction block

2025-12-16 15:41:56,877 | WARNING | Skipping enrollment record {'enrollment_id': '67', 'student_id': '20', 'course_id': '30', 'enrollment_date': '10/23/2025', 'grade': nan, 'status': 'In Progress'}: current transaction is aborted, commands ignored until end of transaction block

2025-12-16 15:41:57,252 | WARNING | Skipping enrollment record {'enrollment_id': '68', 'student_id': '42', 'course_id': '3', 'enrollment_date': '2/26/2025', 'grade': 'B', 'status': 'Completed'}: current transaction is aborted, commands ignored until end of transaction block

2025-12-16 15:41:57,681 | WARNING | Skipping enrollment record {'enrollment_id': '69', 'student_id': '5', 'course_id': '22', 'enrollment_date': '4/14/2025', 'grade': 'A', 'status': 'In Progress'}: current transaction is aborted, commands ignored until end of transaction block

2025-12-16 15:41:58,091 | WARNING | Skipping enrollment record {'enrollment_id': '70', 'student_id': '38', 'course_id': '10', 'enrollment_date': '4/30/2025', 'grade': 'F', 'status': 'Completed'}: current transaction is aborted, commands ignored until end of transaction block

2025-12-16 15:41:58,405 | WARNING | Skipping enrollment record {'enrollment_id': '71', 'student_id': '3', 'course_id': '29', 'enrollment_date': '5/20/2025', 'grade': 'A', 'status': 'Dropped'}: current transaction is aborted, commands ignored until end of transaction block

2025-12-16 15:41:58,711 | WARNING | Skipping enrollment record {'enrollment_id': '72', 'student_id': '49', 'course_id': '5', 'enrollment_date': '1/3/2025', 'grade': nan, 'status': 'In Progress'}: current transaction is aborted, commands ignored until end of transaction block

2025-12-16 15:41:59,028 | WARNING | Skipping enrollment record {'enrollment_id': '73', 'student_id': '18', 'course_id': '27', 'enrollment_date': '8/9/2025', 'grade': nan, 'status': 'In Progress'}: current transaction is aborted, commands ignored until end of transaction block

2025-12-16 15:41:59,357 | WARNING | Skipping enrollment record {'enrollment_id': '74', 'student_id': '49', 'course_id': '23', 'enrollment_date': '2/19/2025', 'grade': 'B', 'status': 'In Progress'}: current transaction is aborted, commands ignored until end of transaction block

2025-12-16 15:41:59,662 | WARNING | Skipping enrollment record {'enrollment_id': '75', 'student_id': '9', 'course_id': '15', 'enrollment_date': '11/29/2025', 'grade': nan, 'status': 'Dropped'}: current transaction is aborted, commands ignored until end of transaction block

2025-12-16 15:42:00,037 | WARNING | Skipping enrollment record {'enrollment_id': '76', 'student_id': '50', 'course_id': '1', 'enrollment_date': '8/17/2025', 'grade': nan, 'status': 'Completed'}: current transaction is aborted, commands ignored until end of transaction block

2025-12-16 15:42:00,549 | WARNING | Skipping enrollment record {'enrollment_id': '77', 'student_id': '10', 'course_id': '13', 'enrollment_date': '3/27/2025', 'grade': 'D', 'status': 'Dropped'}: current transaction is aborted, commands ignored until end of transaction block

2025-12-16 15:42:00,958 | WARNING | Skipping enrollment record {'enrollment_id': '78', 'student_id': '19', 'course_id': '29', 'enrollment_date': '4/6/2025', 'grade': 'C', 'status': 'Completed'}: current transaction is aborted, commands ignored until end of transaction block

2025-12-16 15:42:01,292 | WARNING | Skipping enrollment record {'enrollment_id': '79', 'student_id': '48', 'course_id': '15', 'enrollment_date': '12/11/2025', 'grade': 'D', 'status': 'In Progress'}: current transaction is aborted, commands ignored until end of transaction block

2025-12-16 15:42:01,675 | WARNING | Skipping enrollment record {'enrollment_id': '80', 'student_id': '32', 'course_id': '7', 'enrollment_date': '10/17/2025', 'grade': 'A', 'status': 'Dropped'}: current transaction is aborted, commands ignored until end of transaction block

2025-12-16 15:42:01,987 | WARNING | Skipping enrollment record {'enrollment_id': '81', 'student_id': '27', 'course_id': '29', 'enrollment_date': '1/17/2025', 'grade': 'D', 'status': 'In Progress'}: current transaction is aborted, commands ignored until end of transaction block

2025-12-16 15:42:02,291 | WARNING | Skipping enrollment record {'enrollment_id': '82', 'student_id': '30', 'course_id': '12', 'enrollment_date': '6/24/2025', 'grade': nan, 'status': 'Completed'}: current transaction is aborted, commands ignored until end of transaction block

2025-12-16 15:42:02,598 | WARNING | Skipping enrollment record {'enrollment_id': '83', 'student_id': '30', 'course_id': '13', 'enrollment_date': '5/26/2025', 'grade': 'B', 'status': 'In Progress'}: current transaction is aborted, commands ignored until end of transaction block

2025-12-16 15:42:02,918 | WARNING | Skipping enrollment record {'enrollment_id': '84', 'student_id': '8', 'course_id': '12', 'enrollment_date': '10/12/2025', 'grade': nan, 'status': 'In Progress'}: current transaction is aborted, commands ignored until end of transaction block

2025-12-16 15:42:03,416 | WARNING | Skipping enrollment record {'enrollment_id': '85', 'student_id': '11', 'course_id': '30', 'enrollment_date': '1/22/2025', 'grade': 'D', 'status': 'Completed'}: current transaction is aborted, commands ignored until end of transaction block

2025-12-16 15:42:03,739 | WARNING | Skipping enrollment record {'enrollment_id': '86', 'student_id': '11', 'course_id': '9', 'enrollment_date': '7/22/2025', 'grade': 'F', 'status': 'In Progress'}: current transaction is aborted, commands ignored until end of transaction block

2025-12-16 15:42:04,235 | WARNING | Skipping enrollment record {'enrollment_id': '87', 'student_id': '35', 'course_id': '27', 'enrollment_date': '12/11/2025', 'grade': 'C', 'status': 'Completed'}: current transaction is aborted, commands ignored until end of transaction block

2025-12-16 15:42:04,645 | WARNING | Skipping enrollment record {'enrollment_id': '88', 'student_id': '8', 'course_id': '21', 'enrollment_date': '4/4/2025', 'grade': 'F', 'status': 'In Progress'}: current transaction is aborted, commands ignored until end of transaction block

2025-12-16 15:42:05,157 | WARNING | Skipping enrollment record {'enrollment_id': '89', 'student_id': '10', 'course_id': '21', 'enrollment_date': '5/9/2025', 'grade': 'A', 'status': 'Dropped'}: current transaction is aborted, commands ignored until end of transaction block

2025-12-16 15:42:05,573 | WARNING | Skipping enrollment record {'enrollment_id': '90', 'student_id': '26', 'course_id': '8', 'enrollment_date': '9/29/2025', 'grade': 'B', 'status': 'Completed'}: current transaction is aborted, commands ignored until end of transaction block

2025-12-16 15:42:05,899 | WARNING | Skipping enrollment record {'enrollment_id': '91', 'student_id': '21', 'course_id': '15', 'enrollment_date': '2/3/2025', 'grade': 'C', 'status': 'Dropped'}: current transaction is aborted, commands ignored until end of transaction block

2025-12-16 15:42:06,217 | WARNING | Skipping enrollment record {'enrollment_id': '92', 'student_id': '25', 'course_id': '30', 'enrollment_date': '2/6/2025', 'grade': 'F', 'status': 'In Progress'}: current transaction is aborted, commands ignored until end of transaction block

2025-12-16 15:42:06,591 | WARNING | Skipping enrollment record {'enrollment_id': '93', 'student_id': '13', 'course_id': '3', 'enrollment_date': '3/15/2025', 'grade': 'C', 'status': 'Completed'}: current transaction is aborted, commands ignored until end of transaction block

2025-12-16 15:42:07,176 | WARNING | Skipping enrollment record {'enrollment_id': '94', 'student_id': '9', 'course_id': '11', 'enrollment_date': '8/4/2025', 'grade': 'C', 'status': 'Completed'}: current transaction is aborted, commands ignored until end of transaction block

2025-12-16 15:42:07,512 | WARNING | Skipping enrollment record {'enrollment_id': '95', 'student_id': '39', 'course_id': '12', 'enrollment_date': '3/2/2025', 'grade': 'F', 'status': 'Dropped'}: current transaction is aborted, commands ignored until end of transaction block

2025-12-16 15:42:07,829 | WARNING | Skipping enrollment record {'enrollment_id': '96', 'student_id': '14', 'course_id': '30', 'enrollment_date': '5/13/2025', 'grade': 'B', 'status': 'Dropped'}: current transaction is aborted, commands ignored until end of transaction block

2025-12-16 15:42:08,135 | WARNING | Skipping enrollment record {'enrollment_id': '97', 'student_id': '11', 'course_id': '18', 'enrollment_date': '12/13/2025', 'grade': 'B', 'status': nan}: current transaction is aborted, commands ignored until end of transaction block

2025-12-16 15:42:08,536 | WARNING | Skipping enrollment record {'enrollment_id': '98', 'student_id': '27', 'course_id': '25', 'enrollment_date': '9/8/2025', 'grade': nan, 'status': 'Dropped'}: current transaction is aborted, commands ignored until end of transaction block

2025-12-16 15:42:08,858 | WARNING | Skipping enrollment record {'enrollment_id': '99', 'student_id': '50', 'course_id': '23', 'enrollment_date': '11/11/2025', 'grade': 'F', 'status': 'Dropped'}: current transaction is aborted, commands ignored until end of transaction block

2025-12-16 15:42:09,355 | WARNING | Skipping enrollment record {'enrollment_id': '100', 'student_id': '41', 'course_id': '14', 'enrollment_date': '7/28/2025', 'grade': nan, 'status': 'In Progress'}: current transaction is aborted, commands ignored until end of transaction block

2025-12-16 15:42:09,737 | INFO | Database load completed
2025-12-16 15:42:09,737 | INFO | ETL PIPELINE COMPLETED SUCCESSFULLY
2025-12-16 16:32:47,275 | INFO | Registering student: Test Student (test123@example.com)
2025-12-16 16:32:51,206 | INFO | Student registered successfully: ID 405
2025-12-16 17:10:10,033 | INFO | Registering student: Guillema Keatley (gkeatley0@addthis.com)
2025-12-16 17:10:14,027 | INFO | Student already exists: gkeatley0@addthis.com
2025-12-16 17:10:14,809 | INFO | Registering student: Henryetta Indgs (hindgs1@wired.com)
2025-12-16 17:10:17,675 | INFO | Student already exists: hindgs1@wired.com
2025-12-16 17:10:18,531 | INFO | Registering student: Valery Anderton (vanderton2@tinypic.com)
2025-12-16 17:10:22,310 | INFO | Student already exists: vanderton2@tinypic.com
2025-12-16 17:10:24,248 | INFO | Registering student: Fionnula Abele (fabele3@nationalgeographic.com)
2025-12-16 17:10:28,146 | INFO | Student already exists: fabele3@nationalgeographic.com
2025-12-16 17:10:28,881 | INFO | Registering student: Tyler Polotti (tpolotti4@google.nl)
2025-12-16 17:10:32,172 | INFO | Student already exists: tpolotti4@google.nl
2025-12-16 17:10:32,966 | INFO | Registering student: Faith Pie (fpie5@earthlink.net)
2025-12-16 17:10:36,441 | INFO | Student already exists: fpie5@earthlink.net
2025-12-16 17:10:37,108 | INFO | Registering student: Odo Oddy (ooddy6@vinaora.com)
2025-12-16 17:10:40,579 | INFO | Student already exists: ooddy6@vinaora.com
2025-12-16 17:10:42,494 | INFO | Registering student: Maxy Tumber (mtumber9@github.io)
2025-12-16 17:10:46,617 | INFO | Student already exists: mtumber9@github.io
2025-12-16 17:10:47,590 | INFO | Registering student: Lu Greenhouse (lgreenhousea@paginegialle.it)
2025-12-16 17:10:50,668 | INFO | Student already exists: lgreenhousea@paginegialle.it
2025-12-16 17:10:51,427 | INFO | Registering student: Junina Greenley (jgreenleyb@nationalgeographic.com)
2025-12-16 17:10:54,664 | INFO | Student already exists: jgreenleyb@nationalgeographic.com
2025-12-16 17:10:55,384 | INFO | Registering student: Hulda Manns (hmannsc@biglobe.ne.jp)
2025-12-16 17:10:59,471 | INFO | Student already exists: hmannsc@biglobe.ne.jp
2025-12-16 17:11:00,534 | INFO | Registering student: Billi Tendahl (btendahle@cmu.edu)
2025-12-16 17:11:05,444 | INFO | Student already exists: btendahle@cmu.edu
2025-12-16 17:11:06,152 | INFO | Registering student: Zarah Treadgall (ztreadgallf@tripadvisor.com)
2025-12-16 17:11:10,297 | INFO | Student already exists: ztreadgallf@tripadvisor.com
2025-12-16 17:11:10,937 | INFO | Registering student: Morganne Ruppelin (mruppeling@house.gov)
2025-12-16 17:11:14,458 | INFO | Student already exists: mruppeling@house.gov
2025-12-16 17:11:15,137 | INFO | Registering student: Evelyn Regler (ereglerh@umn.edu)
2025-12-16 17:11:19,142 | INFO | Student already exists: ereglerh@umn.edu
2025-12-16 17:11:20,086 | INFO | Registering student: Kippie Barrott (kbarrottj@gizmodo.com)
2025-12-16 17:11:23,459 | INFO | Student already exists: kbarrottj@gizmodo.com
2025-12-16 17:11:25,165 | INFO | Registering student: Anneliese McKennan (amckennanl@nih.gov)
2025-12-16 17:11:28,564 | INFO | Student already exists: amckennanl@nih.gov
2025-12-16 17:11:29,167 | INFO | Registering student: Odell Laguerre (olaguerrem@samsung.com)
2025-12-16 17:11:32,781 | INFO | Student already exists: olaguerrem@samsung.com
2025-12-16 17:11:33,442 | INFO | Registering student: Roseann Lillywhite (rlillywhiten@acquirethisname.com)
2025-12-16 17:11:36,757 | INFO | Student already exists: rlillywhiten@acquirethisname.com
2025-12-16 17:11:37,388 | INFO | Registering student: Wang Barbosa (wbarbosao@nasa.gov)
2025-12-16 17:11:41,216 | INFO | Student already exists: wbarbosao@nasa.gov
2025-12-16 17:11:41,970 | INFO | Registering student: Lynn Imbrey (limbreyp@sakura.ne.jp)
2025-12-16 17:11:45,561 | INFO | Student already exists: limbreyp@sakura.ne.jp
2025-12-16 17:11:46,026 | INFO | Registering student: Brigham Galey (bgaleyq@phpbb.com)
2025-12-16 17:11:49,727 | INFO | Student already exists: bgaleyq@phpbb.com
2025-12-16 17:11:50,429 | INFO | Registering student: Melvin Jahnisch (mjahnischs@latimes.com)
2025-12-16 17:11:53,777 | INFO | Student already exists: mjahnischs@latimes.com
2025-12-16 17:11:54,161 | INFO | Registering student: Joane Van Hove (jvant@boston.com)
2025-12-16 17:11:58,566 | INFO | Student already exists: jvant@boston.com
2025-12-16 17:11:59,306 | INFO | Registering student: Teador Rigardeau (trigardeauu@sciencedirect.com)
2025-12-16 17:12:04,754 | INFO | Student already exists: trigardeauu@sciencedirect.com
2025-12-16 17:12:05,546 | INFO | Registering student: Marisa Pizer (mpizerw@liveinternet.ru)
2025-12-16 17:12:09,114 | INFO | Student already exists: mpizerw@liveinternet.ru
2025-12-16 17:12:09,714 | INFO | Registering student: Cleveland Hardstaff (chardstaffx@examiner.com)
2025-12-16 17:12:13,516 | INFO | Student already exists: chardstaffx@examiner.com
2025-12-16 17:12:15,000 | INFO | Registering student: Gideon Battin (gbattiny@foxnews.com)
2025-12-16 17:12:19,148 | INFO | Student already exists: gbattiny@foxnews.com
2025-12-16 17:12:19,864 | INFO | Registering student: Zonnya Robathon (zrobathon10@dailymail.co.uk)
2025-12-16 17:12:23,345 | INFO | Student already exists: zrobathon10@dailymail.co.uk
2025-12-16 17:12:23,756 | INFO | Registering student: Malena Dermot (mdermot11@wix.com)
2025-12-16 17:12:27,648 | INFO | Student already exists: mdermot11@wix.com
2025-12-16 17:12:28,162 | INFO | Registering student: Knox Harower (kharower12@gravatar.com)
2025-12-16 17:12:31,641 | INFO | Student already exists: kharower12@gravatar.com
2025-12-16 17:12:32,425 | INFO | Registering student: Leopold Isaacson (lisaacson13@geocities.com)
2025-12-16 17:12:35,946 | INFO | Student already exists: lisaacson13@geocities.com
2025-12-16 17:12:36,638 | INFO | Registering student: Shannah Southward (ssouthward14@ameblo.jp)
2025-12-16 17:12:40,554 | INFO | Student already exists: ssouthward14@ameblo.jp
2025-12-16 17:12:41,244 | INFO | Registering student: Curr Moorrud (cmoorrud15@parallels.com)
2025-12-16 17:12:44,646 | INFO | Student already exists: cmoorrud15@parallels.com
2025-12-16 17:12:45,094 | INFO | Registering student: Theodore Dedam (tdedam16@imdb.com)
2025-12-16 17:12:49,053 | INFO | Student already exists: tdedam16@imdb.com
2025-12-16 17:12:49,697 | INFO | Registering student: Deb Hurdedge (dhurdedge17@hatena.ne.jp)
2025-12-16 17:12:54,030 | INFO | Student already exists: dhurdedge17@hatena.ne.jp
2025-12-16 17:12:54,897 | INFO | Registering student: Dionisio McBeath (dmcbeath18@uol.com.br)
2025-12-16 17:12:58,669 | INFO | Student already exists: dmcbeath18@uol.com.br
2025-12-16 17:12:59,327 | INFO | Registering student: Anne Listone (alistone19@msu.edu)
2025-12-16 17:13:04,619 | INFO | Student already exists: alistone19@msu.edu
2025-12-16 17:13:05,393 | INFO | Registering student: Melly Collisson (mcollisson1b@ezinearticles.com)
2025-12-16 17:13:08,539 | INFO | Student already exists: mcollisson1b@ezinearticles.com
2025-12-16 17:13:08,938 | INFO | Registering student: Maitilde Kightly (mkightly1c@boston.com)
2025-12-16 17:13:12,397 | INFO | Student already exists: mkightly1c@boston.com
2025-12-16 17:13:13,037 | INFO | Registering student: Shanna Saye (ssaye1d@usatoday.com)
2025-12-16 17:13:16,607 | INFO | Student already exists: ssaye1d@usatoday.com
2025-12-16 17:13:17,300 | INFO | Registering student: Estrellita Mongan (emongan1e@wisc.edu)
2025-12-16 17:13:21,101 | INFO | Student already exists: emongan1e@wisc.edu
2025-12-16 17:13:21,824 | INFO | Registering student: Aron Castillon (acastillon1g@woothemes.com)
2025-12-16 17:13:26,016 | INFO | Student already exists: acastillon1g@woothemes.com
2025-12-16 17:13:26,628 | INFO | Registering student: Dieter Annear (dannear1h@comcast.net)
2025-12-16 17:13:30,623 | INFO | Student already exists: dannear1h@comcast.net
2025-12-16 17:13:31,280 | INFO | Registering student: Reuven McIlwrath (rmcilwrath1i@oaic.gov.au)
2025-12-16 17:13:34,822 | INFO | Student already exists: rmcilwrath1i@oaic.gov.au
2025-12-16 17:13:35,504 | INFO | Registering student: Allina Elstow (aelstow1j@ucoz.com)
2025-12-16 17:13:38,909 | INFO | Student already exists: aelstow1j@ucoz.com
2025-12-16 17:13:39,609 | INFO | Registering student: Benedetto Silverlock (bsilverlock1l@icq.com)
2025-12-16 17:13:43,959 | INFO | Student already exists: bsilverlock1l@icq.com
2025-12-16 17:13:44,594 | INFO | Registering student: Ardra Scarth (ascarth1m@timesonline.co.uk)
2025-12-16 17:13:47,832 | INFO | Student already exists: ascarth1m@timesonline.co.uk
2025-12-16 17:13:48,653 | INFO | Registering student: Gregor Glede (gglede1n@multiply.com)
2025-12-16 17:13:52,305 | INFO | Student already exists: gglede1n@multiply.com
2025-12-16 17:13:52,947 | INFO | Registering student: Petronia Stut (pstut1o@wikispaces.com)
2025-12-16 17:13:56,914 | INFO | Student already exists: pstut1o@wikispaces.com
2025-12-16 17:13:57,602 | INFO | Registering student: Aeriell Redhole (aredhole1p@kickstarter.com)
2025-12-16 17:14:01,344 | INFO | Student already exists: aredhole1p@kickstarter.com
2025-12-16 17:14:02,910 | INFO | Registering student: Demeter Dunlop (ddunlop1q@alibaba.com)
2025-12-16 17:14:06,567 | INFO | Student already exists: ddunlop1q@alibaba.com
2025-12-16 17:14:07,386 | INFO | Registering student: Pincus Cushe (pcushe1s@jalbum.net)
2025-12-16 17:14:10,868 | INFO | Student already exists: pcushe1s@jalbum.net
2025-12-16 17:14:11,480 | INFO | Registering student: Cher Artinstall (cartinstall1t@weebly.com)
2025-12-16 17:14:15,066 | INFO | Student already exists: cartinstall1t@weebly.com
2025-12-16 17:14:15,578 | INFO | Registering student: Noelyn Whymark (nwhymark1u@discovery.com)
2025-12-16 17:14:19,060 | INFO | Student already exists: nwhymark1u@discovery.com
2025-12-16 17:14:19,599 | INFO | Registering student: Erin Counsell (ecounsell1v@trellian.com)
2025-12-16 17:14:23,564 | INFO | Student already exists: ecounsell1v@trellian.com
2025-12-16 17:14:24,276 | INFO | Registering student: Mia Aggio (maggio1x@edublogs.org)
2025-12-16 17:14:27,969 | INFO | Student already exists: maggio1x@edublogs.org
2025-12-16 17:14:29,259 | INFO | Registering student: Carney Braffington (cbraffington1y@miitbeian.gov.cn)
2025-12-16 17:14:35,041 | INFO | Student already exists: cbraffington1y@miitbeian.gov.cn
2025-12-16 17:14:35,832 | INFO | Registering student: Carny Pendre (cpendre1z@businessinsider.com)
2025-12-16 17:14:39,652 | INFO | Student already exists: cpendre1z@businessinsider.com
2025-12-16 17:14:41,053 | INFO | Registering student: Dell Sidwick (dsidwick20@alibaba.com)
2025-12-16 17:14:44,389 | INFO | Student already exists: dsidwick20@alibaba.com
2025-12-16 17:14:45,070 | INFO | Registering student: Stacy Marris (smarris21@japanpost.jp)
2025-12-16 17:14:48,289 | INFO | Student already exists: smarris21@japanpost.jp
2025-12-16 17:14:48,728 | INFO | Registering student: Nani Featherstonhaugh (nfeatherstonhaugh22@drupal.org)
2025-12-16 17:14:52,664 | INFO | Student already exists: nfeatherstonhaugh22@drupal.org
2025-12-16 17:14:53,458 | INFO | Registering student: Jaimie Thursby (jthursby23@reuters.com)
2025-12-16 17:14:57,154 | INFO | Student already exists: jthursby23@reuters.com
2025-12-16 17:14:57,862 | INFO | Registering student: Emmye Braund (ebraund24@japanpost.jp)
2025-12-16 17:15:01,074 | INFO | Student already exists: ebraund24@japanpost.jp
2025-12-16 17:15:01,711 | INFO | Registering student: Emmeline Berkowitz (eberkowitz25@usnews.com)
2025-12-16 17:15:04,935 | INFO | Student already exists: eberkowitz25@usnews.com
2025-12-16 17:15:05,562 | INFO | Registering student: Tilly Shorter (tshorter26@php.net)
2025-12-16 17:15:09,134 | INFO | Student already exists: tshorter26@php.net
2025-12-16 17:15:09,582 | INFO | Registering student: Muffin McWhirter (mmcwhirter27@lulu.com)
2025-12-16 17:15:13,230 | INFO | Student already exists: mmcwhirter27@lulu.com
2025-12-16 17:15:13,932 | INFO | Registering student: Jethro Dubbin (jdubbin28@cnn.com)
2025-12-16 17:15:17,633 | INFO | Student already exists: jdubbin28@cnn.com
2025-12-16 17:15:18,296 | INFO | Registering student: Bernardo Algar (balgar29@patch.com)
2025-12-16 17:15:21,924 | INFO | Student already exists: balgar29@patch.com
2025-12-16 17:15:22,579 | INFO | Registering student: Collete Ligoe (cligoe2a@examiner.com)
2025-12-16 17:15:26,363 | INFO | Student already exists: cligoe2a@examiner.com
2025-12-16 17:15:27,064 | INFO | Registering student: Robena Anglin (ranglin2b@fda.gov)
2025-12-16 17:15:31,264 | INFO | Student already exists: ranglin2b@fda.gov
2025-12-16 17:15:31,949 | INFO | Registering student: Zach Henden (zhenden2c@wired.com)
2025-12-16 17:15:35,291 | INFO | Student already exists: zhenden2c@wired.com
2025-12-16 17:15:35,928 | INFO | Registering student: Kermie Bigland (kbigland2d@rediff.com)
2025-12-16 17:15:39,111 | INFO | Student already exists: kbigland2d@rediff.com
2025-12-16 17:15:40,632 | INFO | Registering student: Clotilda Island (cisland2e@mtv.com)
2025-12-16 17:15:44,158 | INFO | Student already exists: cisland2e@mtv.com
2025-12-16 17:15:44,979 | INFO | Registering student: Daune Foxall (dfoxall2f@canalblog.com)
2025-12-16 17:15:48,685 | INFO | Student already exists: dfoxall2f@canalblog.com
2025-12-16 17:15:49,333 | INFO | Registering student: Rudolph Gencke (rgencke2g@oracle.com)
2025-12-16 17:15:52,751 | INFO | Student already exists: rgencke2g@oracle.com
2025-12-16 17:15:53,588 | INFO | Registering student: Annora Campey (acampey2i@tamu.edu)
2025-12-16 17:15:57,570 | INFO | Student already exists: acampey2i@tamu.edu
2025-12-16 17:15:57,971 | INFO | Registering student: Petunia Hyndes (phyndes2j@indiegogo.com)
2025-12-16 17:16:01,973 | INFO | Student already exists: phyndes2j@indiegogo.com
2025-12-16 17:16:02,462 | INFO | Registering student: Kara-lynn Cosker (kcosker2k@vinaora.com)
2025-12-16 17:16:06,281 | INFO | Student already exists: kcosker2k@vinaora.com
2025-12-16 17:16:07,019 | INFO | Registering student: Charlene Guilayn (cguilayn2l@va.gov)
2025-12-16 17:16:10,671 | INFO | Student already exists: cguilayn2l@va.gov
2025-12-16 17:47:03,420 | INFO | Registering student: Dorothea Armfield (darmfield7@homestead.com)
2025-12-16 17:47:07,710 | INFO | Student already exists: darmfield7@homestead.com
2025-12-16 17:47:08,544 | INFO | Registering student: Morgan Petran (mpetrand@flavors.me)
2025-12-16 17:47:12,338 | INFO | Student already exists: mpetrand@flavors.me
2025-12-16 17:47:13,160 | INFO | Registering student: Charlene Guilayn (cguilayn2l@va.gov)
2025-12-16 17:47:16,841 | INFO | Student already exists: cguilayn2l@va.gov
2025-12-16 17:47:17,596 | INFO | Registering student: Joey Barette (jbarette2m@dedecms.com)
2025-12-16 17:47:21,312 | INFO | Student already exists: jbarette2m@dedecms.com
2025-12-16 17:47:22,016 | INFO | Registering student: Gregor Gosselin (ggosselin2n@nsw.gov.au)
2025-12-16 17:47:25,591 | INFO | Student already exists: ggosselin2n@nsw.gov.au
2025-12-16 17:47:26,364 | INFO | Registering student: Adolphus Shillaber (ashillaber2o@indiegogo.com)
2025-12-16 17:47:29,690 | INFO | Student already exists: ashillaber2o@indiegogo.com
2025-12-16 17:47:30,423 | INFO | Registering student: Kacie Haspineall (khaspineall2p@google.com.au)
2025-12-16 17:47:35,376 | INFO | Student already exists: khaspineall2p@google.com.au
2025-12-16 17:47:36,105 | INFO | Registering student: Hermon Sothern (hsothern2q@seesaa.net)
2025-12-16 17:47:39,267 | INFO | Student already exists: hsothern2q@seesaa.net
2025-12-16 17:47:39,760 | INFO | Registering student: Clarice Olliar (colliar2r@europa.eu)
2025-12-16 17:47:43,329 | INFO | Student already exists: colliar2r@europa.eu
2025-12-16 17:49:36,193 | INFO | Registering student: surya (rajsuray@gmail.com)
2025-12-16 17:49:40,035 | INFO | Student registered successfully: ID 495
